20201008-18:22:06 Train Epoch: 0/70 ...
20201008-18:22:07     total_loss: 21.9295 time: 0m 2s
20201008-18:22:07 Test Epoch: 0 ...
20201008-18:22:11     ave: 91.8750
20201008-18:22:11 Saving checkpoint: 0
20201008-18:22:11 Train Epoch: 1/70 ...
20201008-18:22:11     total_loss: 20.8674 time: 0m 0s
20201008-18:22:11 Test Epoch: 1 ...
20201008-18:22:14     ave: 91.8750
20201008-18:22:14 Saving checkpoint: 1
20201008-18:22:14 Train Epoch: 2/70 ...
20201008-18:22:15     total_loss: 19.7887 time: 0m 0s
20201008-18:22:15 Test Epoch: 2 ...
20201008-18:22:17     ave: 93.1250
20201008-18:22:17 Saving checkpoint: 2
20201008-18:22:17 Train Epoch: 3/70 ...
20201008-18:22:18     total_loss: 18.2475 time: 0m 0s
20201008-18:22:18 Test Epoch: 3 ...
20201008-18:22:21     ave: 93.1250
20201008-18:22:21 Saving checkpoint: 3
20201008-18:22:21 Train Epoch: 4/70 ...
20201008-18:22:21     total_loss: 16.4550 time: 0m 0s
20201008-18:22:21 Test Epoch: 4 ...
20201008-18:22:24     ave: 93.1250
20201008-18:22:24 Saving checkpoint: 4
20201008-18:22:24 Train Epoch: 5/70 ...
20201008-18:22:24     total_loss: 15.2844 time: 0m 0s
20201008-18:22:24 Test Epoch: 5 ...
20201008-18:22:27     ave: 93.1250
20201008-18:22:27 Saving checkpoint: 5
20201008-18:22:27 Train Epoch: 6/70 ...
20201008-18:22:27     total_loss: 13.9831 time: 0m 0s
20201008-18:22:27 Test Epoch: 6 ...
20201008-18:22:30     ave: 91.8750
20201008-18:22:30 Saving checkpoint: 6
20201008-18:22:30 Train Epoch: 7/70 ...
20201008-18:22:30     total_loss: 12.4762 time: 0m 0s
20201008-18:22:30 Test Epoch: 7 ...
20201008-18:22:33     ave: 93.1250
20201008-18:22:33 Saving checkpoint: 7
20201008-18:22:33 Train Epoch: 8/70 ...
20201008-18:22:34     total_loss: 11.2330 time: 0m 0s
20201008-18:22:34 Test Epoch: 8 ...
20201008-18:22:36     ave: 93.1250
20201008-18:22:36 Saving checkpoint: 8
20201008-18:22:36 Train Epoch: 9/70 ...
20201008-18:22:37     total_loss: 10.0774 time: 0m 0s
20201008-18:22:37 Test Epoch: 9 ...
20201008-18:22:39     ave: 92.5000
20201008-18:22:39 Saving checkpoint: 9
20201008-18:22:39 Train Epoch: 10/70 ...
20201008-18:22:40     total_loss: 8.5462 time: 0m 0s
20201008-18:22:40 Test Epoch: 10 ...
20201008-18:22:43     ave: 92.5000
20201008-18:22:43 Saving checkpoint: 10
20201008-18:22:43 Train Epoch: 11/70 ...
20201008-18:22:43     total_loss: 7.7812 time: 0m 0s
20201008-18:22:43 Test Epoch: 11 ...
20201008-18:22:46     ave: 93.1250
20201008-18:22:46 Saving checkpoint: 11
20201008-18:22:46 Train Epoch: 12/70 ...
20201008-18:22:46     total_loss: 6.6339 time: 0m 0s
20201008-18:22:46 Test Epoch: 12 ...
20201008-18:22:49     ave: 91.2500
20201008-18:22:49 Saving checkpoint: 12
20201008-18:22:49 Train Epoch: 13/70 ...
20201008-18:22:49     total_loss: 5.8159 time: 0m 0s
20201008-18:22:49 Test Epoch: 13 ...
20201008-18:22:52     ave: 91.8750
20201008-18:22:52 Saving checkpoint: 13
20201008-18:22:52 Train Epoch: 14/70 ...
20201008-18:22:52     total_loss: 4.7115 time: 0m 0s
20201008-18:22:52 Test Epoch: 14 ...
20201008-18:22:55     ave: 90.6250
20201008-18:22:55 Saving checkpoint: 14
20201008-18:22:55 Train Epoch: 15/70 ...
20201008-18:22:56     total_loss: 4.0998 time: 0m 0s
20201008-18:22:56 Test Epoch: 15 ...
20201008-18:22:58     ave: 91.2500
20201008-18:22:58 Saving checkpoint: 15
20201008-18:22:58 Train Epoch: 16/70 ...
20201008-18:22:59     total_loss: 3.6092 time: 0m 0s
20201008-18:22:59 Test Epoch: 16 ...
20201008-18:23:01     ave: 90.6250
20201008-18:23:01 Saving checkpoint: 16
20201008-18:23:01 Train Epoch: 17/70 ...
20201008-18:23:02     total_loss: 3.1581 time: 0m 0s
20201008-18:23:02 Test Epoch: 17 ...
20201008-18:23:05     ave: 90.6250
20201008-18:23:05 Saving checkpoint: 17
20201008-18:23:05 Train Epoch: 18/70 ...
20201008-18:23:05     total_loss: 2.5209 time: 0m 0s
20201008-18:23:05 Test Epoch: 18 ...
20201008-18:23:08     ave: 91.2500
20201008-18:23:08 Saving checkpoint: 18
20201008-18:23:08 Train Epoch: 19/70 ...
20201008-18:23:08     total_loss: 2.3847 time: 0m 0s
20201008-18:23:08 Test Epoch: 19 ...
20201008-18:23:11     ave: 91.2500
20201008-18:23:11 Saving checkpoint: 19
20201008-18:23:11 Train Epoch: 20/70 ...
20201008-18:23:12     total_loss: 1.8853 time: 0m 0s
20201008-18:23:12 Test Epoch: 20 ...
20201008-18:23:14     ave: 90.6250
20201008-18:23:14 Saving checkpoint: 20
20201008-18:23:14 Train Epoch: 21/70 ...
20201008-18:23:15     total_loss: 1.7078 time: 0m 0s
20201008-18:23:15 Test Epoch: 21 ...
20201008-18:23:17     ave: 90.0000
20201008-18:23:17 Saving checkpoint: 21
20201008-18:23:17 Train Epoch: 22/70 ...
20201008-18:23:18     total_loss: 1.4497 time: 0m 0s
20201008-18:23:18 Test Epoch: 22 ...
20201008-18:23:21     ave: 91.2500
20201008-18:23:21 Saving checkpoint: 22
20201008-18:23:21 Train Epoch: 23/70 ...
20201008-18:23:21     total_loss: 1.2935 time: 0m 0s
20201008-18:23:21 Test Epoch: 23 ...
20201008-18:23:24     ave: 91.2500
20201008-18:23:24 Saving checkpoint: 23
20201008-18:23:24 Train Epoch: 24/70 ...
20201008-18:23:24     total_loss: 1.1463 time: 0m 0s
20201008-18:23:24 Test Epoch: 24 ...
20201008-18:23:27     ave: 90.6250
20201008-18:23:27 Saving checkpoint: 24
20201008-18:23:27 Train Epoch: 25/70 ...
20201008-18:23:28     total_loss: 1.0385 time: 0m 0s
20201008-18:23:28 Test Epoch: 25 ...
20201008-18:23:30     ave: 90.6250
20201008-18:23:30 Saving checkpoint: 25
20201008-18:23:30 Train Epoch: 26/70 ...
20201008-18:23:31     total_loss: 0.9434 time: 0m 0s
20201008-18:23:31 Test Epoch: 26 ...
20201008-18:23:33     ave: 90.6250
20201008-18:23:33 Saving checkpoint: 26
20201008-18:23:33 Train Epoch: 27/70 ...
20201008-18:23:34     total_loss: 0.8627 time: 0m 0s
20201008-18:23:34 Test Epoch: 27 ...
20201008-18:23:37     ave: 90.6250
20201008-18:23:37 Saving checkpoint: 27
20201008-18:23:37 Train Epoch: 28/70 ...
20201008-18:23:37     total_loss: 0.5276 time: 0m 0s
20201008-18:23:37 Test Epoch: 28 ...
20201008-18:23:40     ave: 90.0000
20201008-18:23:40 Saving checkpoint: 28
20201008-18:23:40 Train Epoch: 29/70 ...
20201008-18:23:40     total_loss: 0.6808 time: 0m 0s
20201008-18:23:40 Test Epoch: 29 ...
20201008-18:23:43     ave: 89.3750
20201008-18:23:43 Saving checkpoint: 29
20201008-18:23:43 Train Epoch: 30/70 ...
20201008-18:23:43     total_loss: 0.6097 time: 0m 0s
20201008-18:23:43 Test Epoch: 30 ...
20201008-18:23:46     ave: 90.0000
20201008-18:23:46 Saving checkpoint: 30
20201008-18:23:46 Train Epoch: 31/70 ...
20201008-18:23:47     total_loss: 0.5144 time: 0m 0s
20201008-18:23:47 Test Epoch: 31 ...
20201008-18:23:49     ave: 90.6250
20201008-18:23:49 Saving checkpoint: 31
20201008-18:23:49 Train Epoch: 32/70 ...
20201008-18:23:50     total_loss: 0.3392 time: 0m 0s
20201008-18:23:50 Test Epoch: 32 ...
20201008-18:23:53     ave: 90.6250
20201008-18:23:53 Saving checkpoint: 32
20201008-18:23:53 Train Epoch: 33/70 ...
20201008-18:23:53     total_loss: 0.2738 time: 0m 0s
20201008-18:23:53 Test Epoch: 33 ...
20201008-18:23:56     ave: 89.3750
20201008-18:23:56 Saving checkpoint: 33
20201008-18:23:56 Train Epoch: 34/70 ...
20201008-18:23:56     total_loss: 0.3857 time: 0m 0s
20201008-18:23:56 Test Epoch: 34 ...
20201008-18:23:59     ave: 90.6250
20201008-18:23:59 Saving checkpoint: 34
20201008-18:23:59 Train Epoch: 35/70 ...
20201008-18:23:59     total_loss: 0.3438 time: 0m 0s
20201008-18:23:59 Test Epoch: 35 ...
20201008-18:24:02     ave: 89.3750
20201008-18:24:02 Saving checkpoint: 35
20201008-18:24:02 Train Epoch: 36/70 ...
20201008-18:24:03     total_loss: 0.3546 time: 0m 0s
20201008-18:24:03 Test Epoch: 36 ...
20201008-18:24:05     ave: 90.6250
20201008-18:24:05 Saving checkpoint: 36
20201008-18:24:05 Train Epoch: 37/70 ...
20201008-18:24:06     total_loss: 0.2927 time: 0m 0s
20201008-18:24:06 Test Epoch: 37 ...
20201008-18:24:08     ave: 90.6250
20201008-18:24:08 Saving checkpoint: 37
20201008-18:24:08 Train Epoch: 38/70 ...
20201008-18:24:09     total_loss: 0.3007 time: 0m 0s
20201008-18:24:09 Test Epoch: 38 ...
20201008-18:24:12     ave: 90.6250
20201008-18:24:12 Saving checkpoint: 38
20201008-18:24:12 Train Epoch: 39/70 ...
20201008-18:24:12     total_loss: 0.3213 time: 0m 0s
20201008-18:24:12 Test Epoch: 39 ...
20201008-18:24:15     ave: 90.0000
20201008-18:24:15 Saving checkpoint: 39
20201008-18:24:15 Train Epoch: 40/70 ...
20201008-18:24:15     total_loss: 0.3191 time: 0m 0s
20201008-18:24:15 Test Epoch: 40 ...
20201008-18:24:18     ave: 90.6250
20201008-18:24:18 Saving checkpoint: 40
20201008-18:24:18 Train Epoch: 41/70 ...
20201008-18:24:18     total_loss: 0.3775 time: 0m 0s
20201008-18:24:18 Test Epoch: 41 ...
20201008-18:24:21     ave: 90.6250
20201008-18:24:21 Saving checkpoint: 41
20201008-18:24:21 Train Epoch: 42/70 ...
20201008-18:24:22     total_loss: 0.2882 time: 0m 0s
20201008-18:24:22 Test Epoch: 42 ...
20201008-18:24:24     ave: 90.6250
20201008-18:24:24 Saving checkpoint: 42
20201008-18:24:24 Train Epoch: 43/70 ...
20201008-18:24:25     total_loss: 0.2736 time: 0m 0s
20201008-18:24:25 Test Epoch: 43 ...
20201008-18:24:27     ave: 90.0000
20201008-18:24:27 Saving checkpoint: 43
20201008-18:24:27 Train Epoch: 44/70 ...
20201008-18:24:28     total_loss: 0.2330 time: 0m 0s
20201008-18:24:28 Test Epoch: 44 ...
20201008-18:24:30     ave: 90.6250
20201008-18:24:30 Saving checkpoint: 44
20201008-18:24:31 Train Epoch: 45/70 ...
20201008-18:24:31     total_loss: 0.2767 time: 0m 0s
20201008-18:24:31 Test Epoch: 45 ...
20201008-18:24:34     ave: 90.6250
20201008-18:24:34 Saving checkpoint: 45
20201008-18:24:34 Train Epoch: 46/70 ...
20201008-18:24:34     total_loss: 0.2386 time: 0m 0s
20201008-18:24:34 Test Epoch: 46 ...
20201008-18:24:37     ave: 91.2500
20201008-18:24:37 Saving checkpoint: 46
20201008-18:24:37 Train Epoch: 47/70 ...
20201008-18:24:37     total_loss: 0.2930 time: 0m 0s
20201008-18:24:37 Test Epoch: 47 ...
20201008-18:24:40     ave: 90.6250
20201008-18:24:40 Saving checkpoint: 47
20201008-18:24:40 Train Epoch: 48/70 ...
20201008-18:24:40     total_loss: 0.3702 time: 0m 0s
20201008-18:24:40 Test Epoch: 48 ...
20201008-18:24:43     ave: 90.6250
20201008-18:24:43 Saving checkpoint: 48
20201008-18:24:43 Train Epoch: 49/70 ...
20201008-18:24:44     total_loss: 0.3123 time: 0m 0s
20201008-18:24:44 Test Epoch: 49 ...
20201008-18:24:46     ave: 90.6250
20201008-18:24:46 Saving checkpoint: 49
20201008-18:24:46 Train Epoch: 50/70 ...
20201008-18:24:47     total_loss: 0.4107 time: 0m 0s
20201008-18:24:47 Test Epoch: 50 ...
20201008-18:24:49     ave: 90.6250
20201008-18:24:49 Saving checkpoint: 50
20201008-18:24:49 Train Epoch: 51/70 ...
20201008-18:24:50     total_loss: 0.3451 time: 0m 0s
20201008-18:24:50 Test Epoch: 51 ...
20201008-18:24:52     ave: 90.6250
20201008-18:24:52 Saving checkpoint: 51
20201008-18:24:52 Train Epoch: 52/70 ...
20201008-18:24:53     total_loss: 0.3433 time: 0m 0s
20201008-18:24:53 Test Epoch: 52 ...
20201008-18:24:56     ave: 90.6250
20201008-18:24:56 Saving checkpoint: 52
20201008-18:24:56 Train Epoch: 53/70 ...
20201008-18:24:56     total_loss: 0.2112 time: 0m 0s
20201008-18:24:56 Test Epoch: 53 ...
20201008-18:24:59     ave: 90.6250
20201008-18:24:59 Saving checkpoint: 53
20201008-18:24:59 Train Epoch: 54/70 ...
20201008-18:24:59     total_loss: 0.2804 time: 0m 0s
20201008-18:24:59 Test Epoch: 54 ...
20201008-18:25:02     ave: 90.6250
20201008-18:25:02 Saving checkpoint: 54
20201008-18:25:02 Train Epoch: 55/70 ...
20201008-18:25:02     total_loss: 0.3091 time: 0m 0s
20201008-18:25:02 Test Epoch: 55 ...
20201008-18:25:05     ave: 91.2500
20201008-18:25:05 Saving checkpoint: 55
20201008-18:25:05 Train Epoch: 56/70 ...
20201008-18:25:06     total_loss: 0.2204 time: 0m 0s
20201008-18:25:06 Test Epoch: 56 ...
20201008-18:25:08     ave: 90.6250
20201008-18:25:08 Saving checkpoint: 56
20201008-18:25:08 Train Epoch: 57/70 ...
20201008-18:25:09     total_loss: 0.2308 time: 0m 0s
20201008-18:25:09 Test Epoch: 57 ...
20201008-18:25:11     ave: 90.6250
20201008-18:25:11 Saving checkpoint: 57
20201008-18:25:11 Train Epoch: 58/70 ...
20201008-18:25:12     total_loss: 0.4399 time: 0m 0s
20201008-18:25:12 Test Epoch: 58 ...
20201008-18:25:15     ave: 90.0000
20201008-18:25:15 Saving checkpoint: 58
20201008-18:25:15 Train Epoch: 59/70 ...
20201008-18:25:15     total_loss: 0.2700 time: 0m 0s
20201008-18:25:15 Test Epoch: 59 ...
20201008-18:25:18     ave: 91.2500
20201008-18:25:18 Saving checkpoint: 59
20201008-18:25:18 Train Epoch: 60/70 ...
20201008-18:25:18     total_loss: 0.2235 time: 0m 0s
20201008-18:25:18 Test Epoch: 60 ...
20201008-18:25:21     ave: 90.6250
20201008-18:25:21 Saving checkpoint: 60
20201008-18:25:21 Train Epoch: 61/70 ...
20201008-18:25:21     total_loss: 0.2685 time: 0m 0s
20201008-18:25:21 Test Epoch: 61 ...
20201008-18:25:24     ave: 91.2500
20201008-18:25:24 Saving checkpoint: 61
20201008-18:25:24 Train Epoch: 62/70 ...
20201008-18:25:25     total_loss: 0.3111 time: 0m 0s
20201008-18:25:25 Test Epoch: 62 ...
20201008-18:25:27     ave: 91.2500
20201008-18:25:27 Saving checkpoint: 62
20201008-18:25:27 Train Epoch: 63/70 ...
20201008-18:25:28     total_loss: 0.2551 time: 0m 0s
20201008-18:25:28 Test Epoch: 63 ...
20201008-18:25:31     ave: 90.6250
20201008-18:25:31 Saving checkpoint: 63
20201008-18:25:31 Train Epoch: 64/70 ...
20201008-18:25:31     total_loss: 0.2920 time: 0m 0s
20201008-18:25:31 Test Epoch: 64 ...
20201008-18:25:34     ave: 89.3750
20201008-18:25:34 Saving checkpoint: 64
20201008-18:25:34 Train Epoch: 65/70 ...
20201008-18:25:34     total_loss: 0.4819 time: 0m 0s
20201008-18:25:34 Test Epoch: 65 ...
20201008-18:25:37     ave: 90.6250
20201008-18:25:37 Saving checkpoint: 65
20201008-18:25:37 Train Epoch: 66/70 ...
20201008-18:25:37     total_loss: 0.3530 time: 0m 0s
20201008-18:25:37 Test Epoch: 66 ...
20201008-18:25:40     ave: 91.2500
20201008-18:25:40 Saving checkpoint: 66
20201008-18:25:40 Train Epoch: 67/70 ...
20201008-18:25:41     total_loss: 0.3136 time: 0m 0s
20201008-18:25:41 Test Epoch: 67 ...
20201008-18:25:43     ave: 90.6250
20201008-18:25:43 Saving checkpoint: 67
20201008-18:25:43 Train Epoch: 68/70 ...
20201008-18:25:44     total_loss: 0.2962 time: 0m 0s
20201008-18:25:44 Test Epoch: 68 ...
20201008-18:25:46     ave: 90.6250
20201008-18:25:46 Saving checkpoint: 68
20201008-18:25:46 Train Epoch: 69/70 ...
20201008-18:25:47     total_loss: 0.3288 time: 0m 0s
20201008-18:25:47 Test Epoch: 69 ...
20201008-18:25:49     ave: 90.6250
20201008-18:25:49 Saving checkpoint: 69
20201008-18:25:49 Train Epoch: 70/70 ...
20201008-18:25:50     total_loss: 0.3383 time: 0m 0s
20201008-18:25:50 Test Epoch: 70 ...
20201008-18:25:53     ave: 90.0000
20201008-18:25:53 Saving checkpoint: 70
