20201008-17:25:03 Train Epoch: 0/70 ...
20201008-17:25:04     total_loss: 20.7478 time: 0m 1s
20201008-17:25:04 Test Epoch: 0 ...
20201008-17:25:07     ave: 90.6250
20201008-17:25:07 Saving checkpoint: 0
20201008-17:25:07 Train Epoch: 1/70 ...
20201008-17:25:07     total_loss: 14.0997 time: 0m 0s
20201008-17:25:07 Test Epoch: 1 ...
20201008-17:25:10     ave: 88.7500
20201008-17:25:10 Saving checkpoint: 1
20201008-17:25:10 Train Epoch: 2/70 ...
20201008-17:25:11     total_loss: 7.0030 time: 0m 0s
20201008-17:25:11 Test Epoch: 2 ...
20201008-17:25:13     ave: 84.3750
20201008-17:25:13 Saving checkpoint: 2
20201008-17:25:13 Train Epoch: 3/70 ...
20201008-17:25:14     total_loss: 2.4086 time: 0m 0s
20201008-17:25:14 Test Epoch: 3 ...
20201008-17:25:17     ave: 86.2500
20201008-17:25:17 Saving checkpoint: 3
20201008-17:25:17 Train Epoch: 4/70 ...
20201008-17:25:17     total_loss: 0.9140 time: 0m 0s
20201008-17:25:17 Test Epoch: 4 ...
20201008-17:25:20     ave: 86.8750
20201008-17:25:20 Saving checkpoint: 4
20201008-17:25:20 Train Epoch: 5/70 ...
20201008-17:25:20     total_loss: 0.4547 time: 0m 0s
20201008-17:25:20 Test Epoch: 5 ...
20201008-17:25:23     ave: 88.1250
20201008-17:25:23 Saving checkpoint: 5
20201008-17:25:23 Train Epoch: 6/70 ...
20201008-17:25:23     total_loss: 0.1367 time: 0m 0s
20201008-17:25:23 Test Epoch: 6 ...
20201008-17:25:26     ave: 91.2500
20201008-17:25:26 Saving checkpoint: 6
20201008-17:25:26 Train Epoch: 7/70 ...
20201008-17:25:27     total_loss: 0.0620 time: 0m 0s
20201008-17:25:27 Test Epoch: 7 ...
20201008-17:25:29     ave: 91.8750
20201008-17:25:29 Saving checkpoint: 7
20201008-17:25:29 Train Epoch: 8/70 ...
20201008-17:25:30     total_loss: 0.0382 time: 0m 0s
20201008-17:25:30 Test Epoch: 8 ...
20201008-17:25:33     ave: 90.6250
20201008-17:25:33 Saving checkpoint: 8
20201008-17:25:33 Train Epoch: 9/70 ...
20201008-17:25:33     total_loss: 0.0810 time: 0m 0s
20201008-17:25:33 Test Epoch: 9 ...
20201008-17:25:36     ave: 88.7500
20201008-17:25:36 Saving checkpoint: 9
20201008-17:25:36 Train Epoch: 10/70 ...
20201008-17:25:36     total_loss: 0.0541 time: 0m 0s
20201008-17:25:36 Test Epoch: 10 ...
20201008-17:25:39     ave: 88.1250
20201008-17:25:39 Saving checkpoint: 10
20201008-17:25:39 Train Epoch: 11/70 ...
20201008-17:25:39     total_loss: 0.0559 time: 0m 0s
20201008-17:25:39 Test Epoch: 11 ...
20201008-17:25:42     ave: 88.1250
20201008-17:25:42 Saving checkpoint: 11
20201008-17:25:42 Train Epoch: 12/70 ...
20201008-17:25:43     total_loss: 0.0544 time: 0m 0s
20201008-17:25:43 Test Epoch: 12 ...
20201008-17:25:45     ave: 90.0000
20201008-17:25:45 Saving checkpoint: 12
20201008-17:25:45 Train Epoch: 13/70 ...
20201008-17:25:46     total_loss: 0.0065 time: 0m 0s
20201008-17:25:46 Test Epoch: 13 ...
20201008-17:25:49     ave: 89.3750
20201008-17:25:49 Saving checkpoint: 13
20201008-17:25:49 Train Epoch: 14/70 ...
20201008-17:25:49     total_loss: 0.0034 time: 0m 0s
20201008-17:25:49 Test Epoch: 14 ...
20201008-17:25:52     ave: 88.7500
20201008-17:25:52 Saving checkpoint: 14
20201008-17:25:52 Train Epoch: 15/70 ...
20201008-17:25:52     total_loss: 0.0082 time: 0m 0s
20201008-17:25:52 Test Epoch: 15 ...
20201008-17:25:55     ave: 89.3750
20201008-17:25:55 Saving checkpoint: 15
20201008-17:25:55 Train Epoch: 16/70 ...
20201008-17:25:55     total_loss: 0.0393 time: 0m 0s
20201008-17:25:55 Test Epoch: 16 ...
20201008-17:25:58     ave: 88.7500
20201008-17:25:58 Saving checkpoint: 16
20201008-17:25:58 Train Epoch: 17/70 ...
20201008-17:25:59     total_loss: 0.0394 time: 0m 0s
20201008-17:25:59 Test Epoch: 17 ...
20201008-17:26:01     ave: 90.0000
20201008-17:26:01 Saving checkpoint: 17
20201008-17:26:01 Train Epoch: 18/70 ...
20201008-17:26:02     total_loss: 0.0058 time: 0m 0s
20201008-17:26:02 Test Epoch: 18 ...
20201008-17:26:05     ave: 89.3750
20201008-17:26:05 Saving checkpoint: 18
20201008-17:26:05 Train Epoch: 19/70 ...
20201008-17:26:05     total_loss: 0.0094 time: 0m 0s
20201008-17:26:05 Test Epoch: 19 ...
20201008-17:26:08     ave: 88.7500
20201008-17:26:08 Saving checkpoint: 19
20201008-17:26:08 Train Epoch: 20/70 ...
20201008-17:26:08     total_loss: 0.0045 time: 0m 0s
20201008-17:26:08 Test Epoch: 20 ...
20201008-17:26:11     ave: 87.5000
20201008-17:26:11 Saving checkpoint: 20
20201008-17:26:11 Train Epoch: 21/70 ...
20201008-17:26:11     total_loss: 0.0042 time: 0m 0s
20201008-17:26:11 Test Epoch: 21 ...
20201008-17:26:14     ave: 90.0000
20201008-17:26:14 Saving checkpoint: 21
20201008-17:26:14 Train Epoch: 22/70 ...
20201008-17:26:15     total_loss: 0.0206 time: 0m 0s
20201008-17:26:15 Test Epoch: 22 ...
20201008-17:26:17     ave: 88.1250
20201008-17:26:17 Saving checkpoint: 22
20201008-17:26:17 Train Epoch: 23/70 ...
20201008-17:26:18     total_loss: 0.0228 time: 0m 0s
20201008-17:26:18 Test Epoch: 23 ...
20201008-17:26:21     ave: 88.7500
20201008-17:26:21 Saving checkpoint: 23
20201008-17:26:21 Train Epoch: 24/70 ...
20201008-17:26:21     total_loss: 0.0047 time: 0m 0s
20201008-17:26:21 Test Epoch: 24 ...
20201008-17:26:24     ave: 88.1250
20201008-17:26:24 Saving checkpoint: 24
20201008-17:26:24 Train Epoch: 25/70 ...
20201008-17:26:24     total_loss: 0.0056 time: 0m 0s
20201008-17:26:24 Test Epoch: 25 ...
20201008-17:26:27     ave: 89.3750
20201008-17:26:27 Saving checkpoint: 25
20201008-17:26:27 Train Epoch: 26/70 ...
20201008-17:26:28     total_loss: 0.0114 time: 0m 0s
20201008-17:26:28 Test Epoch: 26 ...
20201008-17:26:30     ave: 88.1250
20201008-17:26:30 Saving checkpoint: 26
20201008-17:26:30 Train Epoch: 27/70 ...
20201008-17:26:31     total_loss: 0.0019 time: 0m 0s
20201008-17:26:31 Test Epoch: 27 ...
20201008-17:26:33     ave: 87.5000
20201008-17:26:33 Saving checkpoint: 27
20201008-17:26:33 Train Epoch: 28/70 ...
20201008-17:26:34     total_loss: 0.0066 time: 0m 0s
20201008-17:26:34 Test Epoch: 28 ...
20201008-17:26:37     ave: 88.7500
20201008-17:26:37 Saving checkpoint: 28
20201008-17:26:37 Train Epoch: 29/70 ...
20201008-17:26:37     total_loss: 0.0122 time: 0m 0s
20201008-17:26:37 Test Epoch: 29 ...
20201008-17:26:40     ave: 88.7500
20201008-17:26:40 Saving checkpoint: 29
20201008-17:26:40 Train Epoch: 30/70 ...
20201008-17:26:40     total_loss: 0.0024 time: 0m 0s
20201008-17:26:40 Test Epoch: 30 ...
20201008-17:26:43     ave: 87.5000
20201008-17:26:43 Saving checkpoint: 30
20201008-17:26:43 Train Epoch: 31/70 ...
20201008-17:26:44     total_loss: 0.0164 time: 0m 0s
20201008-17:26:44 Test Epoch: 31 ...
20201008-17:26:46     ave: 86.2500
20201008-17:26:46 Saving checkpoint: 31
20201008-17:26:46 Train Epoch: 32/70 ...
20201008-17:26:47     total_loss: 0.0090 time: 0m 0s
20201008-17:26:47 Test Epoch: 32 ...
20201008-17:26:50     ave: 86.8750
20201008-17:26:50 Saving checkpoint: 32
20201008-17:26:50 Train Epoch: 33/70 ...
20201008-17:26:50     total_loss: 0.0036 time: 0m 0s
20201008-17:26:50 Test Epoch: 33 ...
20201008-17:26:53     ave: 86.8750
20201008-17:26:53 Saving checkpoint: 33
20201008-17:26:53 Train Epoch: 34/70 ...
20201008-17:26:53     total_loss: 0.0016 time: 0m 0s
20201008-17:26:53 Test Epoch: 34 ...
20201008-17:26:56     ave: 86.8750
20201008-17:26:56 Saving checkpoint: 34
20201008-17:26:56 Train Epoch: 35/70 ...
20201008-17:26:56     total_loss: 0.0023 time: 0m 0s
20201008-17:26:56 Test Epoch: 35 ...
20201008-17:26:59     ave: 88.1250
20201008-17:26:59 Saving checkpoint: 35
20201008-17:26:59 Train Epoch: 36/70 ...
20201008-17:27:00     total_loss: 0.0013 time: 0m 0s
20201008-17:27:00 Test Epoch: 36 ...
20201008-17:27:02     ave: 89.3750
20201008-17:27:02 Saving checkpoint: 36
20201008-17:27:02 Train Epoch: 37/70 ...
20201008-17:27:03     total_loss: 0.0033 time: 0m 0s
20201008-17:27:03 Test Epoch: 37 ...
20201008-17:27:06     ave: 89.3750
20201008-17:27:06 Saving checkpoint: 37
20201008-17:27:06 Train Epoch: 38/70 ...
20201008-17:27:06     total_loss: 0.0079 time: 0m 0s
20201008-17:27:06 Test Epoch: 38 ...
20201008-17:27:09     ave: 88.7500
20201008-17:27:09 Saving checkpoint: 38
20201008-17:27:09 Train Epoch: 39/70 ...
20201008-17:27:09     total_loss: 0.0018 time: 0m 0s
20201008-17:27:09 Test Epoch: 39 ...
20201008-17:27:12     ave: 88.7500
20201008-17:27:12 Saving checkpoint: 39
20201008-17:27:12 Train Epoch: 40/70 ...
20201008-17:27:13     total_loss: 0.0036 time: 0m 0s
20201008-17:27:13 Test Epoch: 40 ...
20201008-17:27:15     ave: 86.8750
20201008-17:27:15 Saving checkpoint: 40
20201008-17:27:15 Train Epoch: 41/70 ...
20201008-17:27:16     total_loss: 0.0165 time: 0m 0s
20201008-17:27:16 Test Epoch: 41 ...
20201008-17:27:19     ave: 86.8750
20201008-17:27:19 Saving checkpoint: 41
20201008-17:27:19 Train Epoch: 42/70 ...
20201008-17:27:19     total_loss: 0.0138 time: 0m 0s
20201008-17:27:19 Test Epoch: 42 ...
20201008-17:27:22     ave: 86.8750
20201008-17:27:22 Saving checkpoint: 42
20201008-17:27:22 Train Epoch: 43/70 ...
20201008-17:27:22     total_loss: 0.0017 time: 0m 0s
20201008-17:27:22 Test Epoch: 43 ...
20201008-17:27:25     ave: 88.1250
20201008-17:27:25 Saving checkpoint: 43
20201008-17:27:25 Train Epoch: 44/70 ...
20201008-17:27:26     total_loss: 0.0108 time: 0m 0s
20201008-17:27:26 Test Epoch: 44 ...
20201008-17:27:28     ave: 88.1250
20201008-17:27:28 Saving checkpoint: 44
20201008-17:27:28 Train Epoch: 45/70 ...
20201008-17:27:29     total_loss: 0.0009 time: 0m 0s
20201008-17:27:29 Test Epoch: 45 ...
20201008-17:27:32     ave: 89.3750
20201008-17:27:32 Saving checkpoint: 45
20201008-17:27:32 Train Epoch: 46/70 ...
20201008-17:27:32     total_loss: 0.0025 time: 0m 0s
20201008-17:27:32 Test Epoch: 46 ...
20201008-17:27:35     ave: 89.3750
20201008-17:27:35 Saving checkpoint: 46
20201008-17:27:35 Train Epoch: 47/70 ...
20201008-17:27:35     total_loss: 0.0107 time: 0m 0s
20201008-17:27:35 Test Epoch: 47 ...
20201008-17:27:38     ave: 87.5000
20201008-17:27:38 Saving checkpoint: 47
20201008-17:27:38 Train Epoch: 48/70 ...
20201008-17:27:39     total_loss: 0.0017 time: 0m 0s
20201008-17:27:39 Test Epoch: 48 ...
20201008-17:27:41     ave: 86.8750
20201008-17:27:41 Saving checkpoint: 48
20201008-17:27:41 Train Epoch: 49/70 ...
20201008-17:27:42     total_loss: 0.0110 time: 0m 0s
20201008-17:27:42 Test Epoch: 49 ...
20201008-17:27:45     ave: 87.5000
20201008-17:27:45 Saving checkpoint: 49
20201008-17:27:45 Train Epoch: 50/70 ...
20201008-17:27:45     total_loss: 0.0109 time: 0m 0s
20201008-17:27:45 Test Epoch: 50 ...
20201008-17:27:48     ave: 88.1250
20201008-17:27:48 Saving checkpoint: 50
20201008-17:27:48 Train Epoch: 51/70 ...
20201008-17:27:48     total_loss: 0.0072 time: 0m 0s
20201008-17:27:48 Test Epoch: 51 ...
20201008-17:27:51     ave: 88.7500
20201008-17:27:51 Saving checkpoint: 51
20201008-17:27:51 Train Epoch: 52/70 ...
20201008-17:27:52     total_loss: 0.0017 time: 0m 0s
20201008-17:27:52 Test Epoch: 52 ...
20201008-17:27:54     ave: 88.7500
20201008-17:27:54 Saving checkpoint: 52
20201008-17:27:54 Train Epoch: 53/70 ...
20201008-17:27:55     total_loss: 0.0009 time: 0m 0s
20201008-17:27:55 Test Epoch: 53 ...
20201008-17:27:57     ave: 88.7500
20201008-17:27:57 Saving checkpoint: 53
20201008-17:27:58 Train Epoch: 54/70 ...
20201008-17:27:58     total_loss: 0.0052 time: 0m 0s
20201008-17:27:58 Test Epoch: 54 ...
20201008-17:28:01     ave: 88.7500
20201008-17:28:01 Saving checkpoint: 54
20201008-17:28:01 Train Epoch: 55/70 ...
20201008-17:28:01     total_loss: 0.0105 time: 0m 0s
20201008-17:28:01 Test Epoch: 55 ...
20201008-17:28:04     ave: 88.7500
20201008-17:28:04 Saving checkpoint: 55
20201008-17:28:04 Train Epoch: 56/70 ...
20201008-17:28:04     total_loss: 0.0026 time: 0m 0s
20201008-17:28:04 Test Epoch: 56 ...
20201008-17:28:07     ave: 88.7500
20201008-17:28:07 Saving checkpoint: 56
20201008-17:28:07 Train Epoch: 57/70 ...
20201008-17:28:08     total_loss: 0.0089 time: 0m 0s
20201008-17:28:08 Test Epoch: 57 ...
20201008-17:28:10     ave: 88.7500
20201008-17:28:10 Saving checkpoint: 57
20201008-17:28:10 Train Epoch: 58/70 ...
20201008-17:28:11     total_loss: 0.0040 time: 0m 0s
20201008-17:28:11 Test Epoch: 58 ...
20201008-17:28:14     ave: 88.7500
20201008-17:28:14 Saving checkpoint: 58
20201008-17:28:14 Train Epoch: 59/70 ...
20201008-17:28:14     total_loss: 0.0015 time: 0m 0s
20201008-17:28:14 Test Epoch: 59 ...
20201008-17:28:17     ave: 87.5000
20201008-17:28:17 Saving checkpoint: 59
20201008-17:28:17 Train Epoch: 60/70 ...
20201008-17:28:17     total_loss: 0.0035 time: 0m 0s
20201008-17:28:17 Test Epoch: 60 ...
20201008-17:28:20     ave: 88.1250
20201008-17:28:20 Saving checkpoint: 60
20201008-17:28:20 Train Epoch: 61/70 ...
20201008-17:28:20     total_loss: 0.0019 time: 0m 0s
20201008-17:28:20 Test Epoch: 61 ...
20201008-17:28:23     ave: 89.3750
20201008-17:28:23 Saving checkpoint: 61
20201008-17:28:23 Train Epoch: 62/70 ...
20201008-17:28:24     total_loss: 0.0136 time: 0m 0s
20201008-17:28:24 Test Epoch: 62 ...
20201008-17:28:26     ave: 86.8750
20201008-17:28:26 Saving checkpoint: 62
20201008-17:28:26 Train Epoch: 63/70 ...
20201008-17:28:27     total_loss: 0.0057 time: 0m 0s
20201008-17:28:27 Test Epoch: 63 ...
20201008-17:28:30     ave: 86.8750
20201008-17:28:30 Saving checkpoint: 63
20201008-17:28:30 Train Epoch: 64/70 ...
20201008-17:28:30     total_loss: 0.0045 time: 0m 0s
20201008-17:28:30 Test Epoch: 64 ...
20201008-17:28:33     ave: 86.8750
20201008-17:28:33 Saving checkpoint: 64
20201008-17:28:33 Train Epoch: 65/70 ...
20201008-17:28:33     total_loss: 0.0023 time: 0m 0s
20201008-17:28:33 Test Epoch: 65 ...
20201008-17:28:36     ave: 90.0000
20201008-17:28:36 Saving checkpoint: 65
20201008-17:28:36 Train Epoch: 66/70 ...
20201008-17:28:37     total_loss: 0.0415 time: 0m 0s
20201008-17:28:37 Test Epoch: 66 ...
20201008-17:28:39     ave: 88.7500
20201008-17:28:39 Saving checkpoint: 66
20201008-17:28:39 Train Epoch: 67/70 ...
20201008-17:28:40     total_loss: 0.0016 time: 0m 0s
20201008-17:28:40 Test Epoch: 67 ...
20201008-17:28:42     ave: 88.7500
20201008-17:28:42 Saving checkpoint: 67
20201008-17:28:42 Train Epoch: 68/70 ...
20201008-17:28:43     total_loss: 0.0037 time: 0m 0s
20201008-17:28:43 Test Epoch: 68 ...
20201008-17:28:46     ave: 88.7500
20201008-17:28:46 Saving checkpoint: 68
20201008-17:28:46 Train Epoch: 69/70 ...
20201008-17:28:46     total_loss: 0.0336 time: 0m 0s
20201008-17:28:46 Test Epoch: 69 ...
20201008-17:28:49     ave: 89.3750
20201008-17:28:49 Saving checkpoint: 69
20201008-17:28:49 Train Epoch: 70/70 ...
20201008-17:28:49     total_loss: 0.0146 time: 0m 0s
20201008-17:28:49 Test Epoch: 70 ...
20201008-17:28:52     ave: 88.7500
20201008-17:28:52 Saving checkpoint: 70
