20201008-11:19:28 Train Epoch: 0/70 ...
20201008-11:19:32     total_loss: 21.5405 time: 0m 5s
20201008-11:19:32 Test Epoch: 0 ...
20201008-11:19:35     ave: 86.8571
20201008-11:19:35 Saving checkpoint: 0
20201008-11:19:35 Train Epoch: 1/70 ...
20201008-11:19:39     total_loss: 12.7502 time: 0m 4s
20201008-11:19:39 Test Epoch: 1 ...
20201008-11:19:42     ave: 92.5714
20201008-11:19:42 Saving checkpoint: 1
20201008-11:19:42 Train Epoch: 2/70 ...
20201008-11:19:46     total_loss: 6.9192 time: 0m 4s
20201008-11:19:46 Test Epoch: 2 ...
20201008-11:19:49     ave: 96.5714
20201008-11:19:49 Saving checkpoint: 2
20201008-11:19:49 Train Epoch: 3/70 ...
20201008-11:19:53     total_loss: 3.8514 time: 0m 4s
20201008-11:19:53 Test Epoch: 3 ...
20201008-11:19:56     ave: 98.0000
20201008-11:19:56 Saving checkpoint: 3
20201008-11:19:56 Train Epoch: 4/70 ...
20201008-11:20:00     total_loss: 2.3583 time: 0m 4s
20201008-11:20:00 Test Epoch: 4 ...
20201008-11:20:03     ave: 99.1429
20201008-11:20:03 Saving checkpoint: 4
20201008-11:20:03 Train Epoch: 5/70 ...
20201008-11:20:07     total_loss: 1.6469 time: 0m 4s
20201008-11:20:07 Test Epoch: 5 ...
20201008-11:20:10     ave: 98.2857
20201008-11:20:10 Saving checkpoint: 5
20201008-11:20:10 Train Epoch: 6/70 ...
20201008-11:20:13     total_loss: 1.1497 time: 0m 4s
20201008-11:20:13 Test Epoch: 6 ...
20201008-11:20:16     ave: 99.7143
20201008-11:20:16 Saving checkpoint: 6
20201008-11:20:16 Train Epoch: 7/70 ...
20201008-11:20:20     total_loss: 0.7746 time: 0m 4s
20201008-11:20:20 Test Epoch: 7 ...
20201008-11:20:23     ave: 99.7143
20201008-11:20:23 Saving checkpoint: 7
20201008-11:20:23 Train Epoch: 8/70 ...
20201008-11:20:27     total_loss: 0.6510 time: 0m 4s
20201008-11:20:27 Test Epoch: 8 ...
20201008-11:20:30     ave: 99.1429
20201008-11:20:30 Saving checkpoint: 8
20201008-11:20:30 Train Epoch: 9/70 ...
20201008-11:20:34     total_loss: 0.5167 time: 0m 4s
20201008-11:20:34 Test Epoch: 9 ...
20201008-11:20:37     ave: 97.7143
20201008-11:20:37 Saving checkpoint: 9
20201008-11:20:37 Train Epoch: 10/70 ...
20201008-11:20:41     total_loss: 0.3900 time: 0m 4s
20201008-11:20:41 Test Epoch: 10 ...
20201008-11:20:43     ave: 99.1429
20201008-11:20:43 Saving checkpoint: 10
20201008-11:20:43 Train Epoch: 11/70 ...
20201008-11:20:47     total_loss: 0.3243 time: 0m 4s
20201008-11:20:47 Test Epoch: 11 ...
20201008-11:20:50     ave: 99.4286
20201008-11:20:50 Saving checkpoint: 11
20201008-11:20:50 Train Epoch: 12/70 ...
20201008-11:20:54     total_loss: 0.2749 time: 0m 4s
20201008-11:20:54 Test Epoch: 12 ...
20201008-11:20:57     ave: 99.1429
20201008-11:20:57 Saving checkpoint: 12
20201008-11:20:57 Train Epoch: 13/70 ...
20201008-11:21:01     total_loss: 0.2204 time: 0m 4s
20201008-11:21:01 Test Epoch: 13 ...
20201008-11:21:04     ave: 98.8571
20201008-11:21:04 Saving checkpoint: 13
20201008-11:21:04 Train Epoch: 14/70 ...
20201008-11:21:08     total_loss: 0.2214 time: 0m 4s
20201008-11:21:08 Test Epoch: 14 ...
20201008-11:21:11     ave: 98.8571
20201008-11:21:11 Saving checkpoint: 14
20201008-11:21:11 Train Epoch: 15/70 ...
20201008-11:21:15     total_loss: 0.1615 time: 0m 4s
20201008-11:21:15 Test Epoch: 15 ...
20201008-11:21:18     ave: 99.4286
20201008-11:21:18 Saving checkpoint: 15
20201008-11:21:18 Train Epoch: 16/70 ...
20201008-11:21:21     total_loss: 0.1473 time: 0m 4s
20201008-11:21:21 Test Epoch: 16 ...
20201008-11:21:24     ave: 99.1429
20201008-11:21:24 Saving checkpoint: 16
20201008-11:21:24 Train Epoch: 17/70 ...
20201008-11:21:28     total_loss: 0.1414 time: 0m 4s
20201008-11:21:28 Test Epoch: 17 ...
20201008-11:21:31     ave: 98.8571
20201008-11:21:31 Saving checkpoint: 17
20201008-11:21:31 Train Epoch: 18/70 ...
20201008-11:21:35     total_loss: 0.1507 time: 0m 4s
20201008-11:21:35 Test Epoch: 18 ...
20201008-11:21:38     ave: 98.2857
20201008-11:21:38 Saving checkpoint: 18
20201008-11:21:38 Train Epoch: 19/70 ...
20201008-11:21:42     total_loss: 0.1200 time: 0m 4s
20201008-11:21:42 Test Epoch: 19 ...
20201008-11:21:45     ave: 99.4286
20201008-11:21:45 Saving checkpoint: 19
20201008-11:21:45 Train Epoch: 20/70 ...
20201008-11:21:49     total_loss: 0.1067 time: 0m 4s
20201008-11:21:49 Test Epoch: 20 ...
20201008-11:21:52     ave: 99.1429
20201008-11:21:52 Saving checkpoint: 20
20201008-11:21:52 Train Epoch: 21/70 ...
20201008-11:21:56     total_loss: 0.1001 time: 0m 4s
20201008-11:21:56 Test Epoch: 21 ...
20201008-11:21:59     ave: 99.4286
20201008-11:21:59 Saving checkpoint: 21
20201008-11:21:59 Train Epoch: 22/70 ...
20201008-11:22:02     total_loss: 0.0974 time: 0m 4s
20201008-11:22:02 Test Epoch: 22 ...
20201008-11:22:05     ave: 98.8571
20201008-11:22:05 Saving checkpoint: 22
20201008-11:22:05 Train Epoch: 23/70 ...
20201008-11:22:09     total_loss: 0.0799 time: 0m 4s
20201008-11:22:09 Test Epoch: 23 ...
20201008-11:22:12     ave: 99.4286
20201008-11:22:12 Saving checkpoint: 23
20201008-11:22:12 Train Epoch: 24/70 ...
20201008-11:22:16     total_loss: 0.0850 time: 0m 4s
20201008-11:22:16 Test Epoch: 24 ...
20201008-11:22:19     ave: 99.1429
20201008-11:22:19 Saving checkpoint: 24
20201008-11:22:19 Train Epoch: 25/70 ...
20201008-11:22:23     total_loss: 0.0702 time: 0m 4s
20201008-11:22:23 Test Epoch: 25 ...
20201008-11:22:26     ave: 99.1429
20201008-11:22:26 Saving checkpoint: 25
20201008-11:22:26 Train Epoch: 26/70 ...
20201008-11:22:30     total_loss: 0.0615 time: 0m 4s
20201008-11:22:30 Test Epoch: 26 ...
20201008-11:22:33     ave: 98.5714
20201008-11:22:33 Saving checkpoint: 26
20201008-11:22:33 Train Epoch: 27/70 ...
20201008-11:22:37     total_loss: 0.0728 time: 0m 4s
20201008-11:22:37 Test Epoch: 27 ...
20201008-11:22:40     ave: 98.8571
20201008-11:22:40 Saving checkpoint: 27
20201008-11:22:40 Train Epoch: 28/70 ...
20201008-11:22:43     total_loss: 0.0611 time: 0m 4s
20201008-11:22:43 Test Epoch: 28 ...
20201008-11:22:46     ave: 99.7143
20201008-11:22:46 Saving checkpoint: 28
20201008-11:22:46 Train Epoch: 29/70 ...
20201008-11:22:50     total_loss: 0.0588 time: 0m 4s
20201008-11:22:50 Test Epoch: 29 ...
20201008-11:22:53     ave: 99.4286
20201008-11:22:53 Saving checkpoint: 29
20201008-11:22:53 Train Epoch: 30/70 ...
20201008-11:22:57     total_loss: 0.0577 time: 0m 4s
20201008-11:22:57 Test Epoch: 30 ...
20201008-11:23:00     ave: 99.7143
20201008-11:23:00 Saving checkpoint: 30
20201008-11:23:00 Train Epoch: 31/70 ...
20201008-11:23:04     total_loss: 0.0678 time: 0m 4s
20201008-11:23:04 Test Epoch: 31 ...
20201008-11:23:07     ave: 99.4286
20201008-11:23:07 Saving checkpoint: 31
20201008-11:23:07 Train Epoch: 32/70 ...
20201008-11:23:11     total_loss: 0.0552 time: 0m 4s
20201008-11:23:11 Test Epoch: 32 ...
20201008-11:23:14     ave: 99.4286
20201008-11:23:14 Saving checkpoint: 32
20201008-11:23:14 Train Epoch: 33/70 ...
20201008-11:23:17     total_loss: 0.0573 time: 0m 4s
20201008-11:23:17 Test Epoch: 33 ...
20201008-11:23:20     ave: 100.0000
20201008-11:23:20 Saving checkpoint: 33
20201008-11:23:20 Train Epoch: 34/70 ...
20201008-11:23:24     total_loss: 0.0444 time: 0m 4s
20201008-11:23:24 Test Epoch: 34 ...
20201008-11:23:27     ave: 99.7143
20201008-11:23:27 Saving checkpoint: 34
20201008-11:23:27 Train Epoch: 35/70 ...
20201008-11:23:31     total_loss: 0.0393 time: 0m 4s
20201008-11:23:31 Test Epoch: 35 ...
20201008-11:23:34     ave: 99.7143
20201008-11:23:34 Saving checkpoint: 35
20201008-11:23:34 Train Epoch: 36/70 ...
20201008-11:23:38     total_loss: 0.0430 time: 0m 4s
20201008-11:23:38 Test Epoch: 36 ...
20201008-11:23:41     ave: 99.7143
20201008-11:23:41 Saving checkpoint: 36
20201008-11:23:41 Train Epoch: 37/70 ...
20201008-11:23:45     total_loss: 0.0441 time: 0m 4s
20201008-11:23:45 Test Epoch: 37 ...
20201008-11:23:48     ave: 99.7143
20201008-11:23:48 Saving checkpoint: 37
20201008-11:23:48 Train Epoch: 38/70 ...
20201008-11:23:51     total_loss: 0.0400 time: 0m 4s
20201008-11:23:51 Test Epoch: 38 ...
20201008-11:23:54     ave: 99.7143
20201008-11:23:54 Saving checkpoint: 38
20201008-11:23:54 Train Epoch: 39/70 ...
20201008-11:23:58     total_loss: 0.0383 time: 0m 4s
20201008-11:23:58 Test Epoch: 39 ...
20201008-11:24:01     ave: 99.7143
20201008-11:24:01 Saving checkpoint: 39
20201008-11:24:01 Train Epoch: 40/70 ...
20201008-11:24:05     total_loss: 0.0352 time: 0m 4s
20201008-11:24:05 Test Epoch: 40 ...
20201008-11:24:08     ave: 99.7143
20201008-11:24:08 Saving checkpoint: 40
20201008-11:24:08 Train Epoch: 41/70 ...
20201008-11:24:12     total_loss: 0.0325 time: 0m 4s
20201008-11:24:12 Test Epoch: 41 ...
20201008-11:24:15     ave: 99.7143
20201008-11:24:15 Saving checkpoint: 41
20201008-11:24:15 Train Epoch: 42/70 ...
20201008-11:24:19     total_loss: 0.0346 time: 0m 4s
20201008-11:24:19 Test Epoch: 42 ...
20201008-11:24:22     ave: 99.7143
20201008-11:24:22 Saving checkpoint: 42
20201008-11:24:22 Train Epoch: 43/70 ...
20201008-11:24:26     total_loss: 0.0294 time: 0m 4s
20201008-11:24:26 Test Epoch: 43 ...
20201008-11:24:29     ave: 99.1429
20201008-11:24:29 Saving checkpoint: 43
20201008-11:24:29 Train Epoch: 44/70 ...
20201008-11:24:33     total_loss: 0.0281 time: 0m 4s
20201008-11:24:33 Test Epoch: 44 ...
20201008-11:24:35     ave: 99.7143
20201008-11:24:35 Saving checkpoint: 44
20201008-11:24:35 Train Epoch: 45/70 ...
20201008-11:24:39     total_loss: 0.0325 time: 0m 4s
20201008-11:24:39 Test Epoch: 45 ...
20201008-11:24:42     ave: 99.4286
20201008-11:24:42 Saving checkpoint: 45
20201008-11:24:42 Train Epoch: 46/70 ...
20201008-11:24:46     total_loss: 0.0355 time: 0m 4s
20201008-11:24:46 Test Epoch: 46 ...
20201008-11:24:49     ave: 99.7143
20201008-11:24:49 Saving checkpoint: 46
20201008-11:24:49 Train Epoch: 47/70 ...
20201008-11:24:53     total_loss: 0.0304 time: 0m 4s
20201008-11:24:53 Test Epoch: 47 ...
20201008-11:24:56     ave: 99.7143
20201008-11:24:56 Saving checkpoint: 47
20201008-11:24:56 Train Epoch: 48/70 ...
20201008-11:25:00     total_loss: 0.0325 time: 0m 4s
20201008-11:25:00 Test Epoch: 48 ...
20201008-11:25:03     ave: 99.1429
20201008-11:25:03 Saving checkpoint: 48
20201008-11:25:03 Train Epoch: 49/70 ...
20201008-11:25:07     total_loss: 0.0288 time: 0m 4s
20201008-11:25:07 Test Epoch: 49 ...
20201008-11:25:10     ave: 99.7143
20201008-11:25:10 Saving checkpoint: 49
20201008-11:25:10 Train Epoch: 50/70 ...
20201008-11:25:14     total_loss: 0.0276 time: 0m 4s
20201008-11:25:14 Test Epoch: 50 ...
20201008-11:25:17     ave: 99.4286
20201008-11:25:17 Saving checkpoint: 50
20201008-11:25:17 Train Epoch: 51/70 ...
20201008-11:25:20     total_loss: 0.0339 time: 0m 4s
20201008-11:25:20 Test Epoch: 51 ...
20201008-11:25:23     ave: 99.4286
20201008-11:25:23 Saving checkpoint: 51
20201008-11:25:23 Train Epoch: 52/70 ...
20201008-11:25:27     total_loss: 0.0291 time: 0m 4s
20201008-11:25:27 Test Epoch: 52 ...
20201008-11:25:30     ave: 99.7143
20201008-11:25:30 Saving checkpoint: 52
20201008-11:25:30 Train Epoch: 53/70 ...
20201008-11:25:34     total_loss: 0.0272 time: 0m 4s
20201008-11:25:34 Test Epoch: 53 ...
20201008-11:25:37     ave: 99.7143
20201008-11:25:37 Saving checkpoint: 53
20201008-11:25:37 Train Epoch: 54/70 ...
20201008-11:25:41     total_loss: 0.0321 time: 0m 4s
20201008-11:25:41 Test Epoch: 54 ...
20201008-11:25:44     ave: 99.4286
20201008-11:25:44 Saving checkpoint: 54
20201008-11:25:44 Train Epoch: 55/70 ...
20201008-11:25:48     total_loss: 0.0283 time: 0m 4s
20201008-11:25:48 Test Epoch: 55 ...
20201008-11:25:51     ave: 99.4286
20201008-11:25:51 Saving checkpoint: 55
20201008-11:25:51 Train Epoch: 56/70 ...
20201008-11:25:55     total_loss: 0.0272 time: 0m 4s
20201008-11:25:55 Test Epoch: 56 ...
20201008-11:25:57     ave: 99.7143
20201008-11:25:57 Saving checkpoint: 56
20201008-11:25:57 Train Epoch: 57/70 ...
20201008-11:26:01     total_loss: 0.0285 time: 0m 4s
20201008-11:26:01 Test Epoch: 57 ...
20201008-11:26:04     ave: 99.7143
20201008-11:26:04 Saving checkpoint: 57
20201008-11:26:04 Train Epoch: 58/70 ...
20201008-11:26:08     total_loss: 0.0298 time: 0m 4s
20201008-11:26:08 Test Epoch: 58 ...
20201008-11:26:11     ave: 99.7143
20201008-11:26:11 Saving checkpoint: 58
20201008-11:26:11 Train Epoch: 59/70 ...
20201008-11:26:15     total_loss: 0.0249 time: 0m 4s
20201008-11:26:15 Test Epoch: 59 ...
20201008-11:26:18     ave: 99.4286
20201008-11:26:18 Saving checkpoint: 59
20201008-11:26:18 Train Epoch: 60/70 ...
20201008-11:26:22     total_loss: 0.0263 time: 0m 4s
20201008-11:26:22 Test Epoch: 60 ...
20201008-11:26:25     ave: 99.4286
20201008-11:26:25 Saving checkpoint: 60
20201008-11:26:25 Train Epoch: 61/70 ...
20201008-11:26:29     total_loss: 0.0290 time: 0m 4s
20201008-11:26:29 Test Epoch: 61 ...
20201008-11:26:32     ave: 99.7143
20201008-11:26:32 Saving checkpoint: 61
20201008-11:26:32 Train Epoch: 62/70 ...
20201008-11:26:35     total_loss: 0.0319 time: 0m 4s
20201008-11:26:35 Test Epoch: 62 ...
20201008-11:26:38     ave: 99.4286
20201008-11:26:38 Saving checkpoint: 62
20201008-11:26:38 Train Epoch: 63/70 ...
20201008-11:26:42     total_loss: 0.0295 time: 0m 4s
20201008-11:26:42 Test Epoch: 63 ...
20201008-11:26:45     ave: 99.4286
20201008-11:26:45 Saving checkpoint: 63
20201008-11:26:45 Train Epoch: 64/70 ...
20201008-11:26:49     total_loss: 0.0335 time: 0m 4s
20201008-11:26:49 Test Epoch: 64 ...
20201008-11:26:52     ave: 99.7143
20201008-11:26:52 Saving checkpoint: 64
20201008-11:26:52 Train Epoch: 65/70 ...
20201008-11:26:56     total_loss: 0.0318 time: 0m 4s
20201008-11:26:56 Test Epoch: 65 ...
20201008-11:26:59     ave: 99.7143
20201008-11:26:59 Saving checkpoint: 65
20201008-11:26:59 Train Epoch: 66/70 ...
20201008-11:27:03     total_loss: 0.0278 time: 0m 4s
20201008-11:27:03 Test Epoch: 66 ...
20201008-11:27:06     ave: 99.7143
20201008-11:27:06 Saving checkpoint: 66
20201008-11:27:06 Train Epoch: 67/70 ...
20201008-11:27:10     total_loss: 0.0281 time: 0m 4s
20201008-11:27:10 Test Epoch: 67 ...
20201008-11:27:13     ave: 99.7143
20201008-11:27:13 Saving checkpoint: 67
20201008-11:27:13 Train Epoch: 68/70 ...
20201008-11:27:17     total_loss: 0.0279 time: 0m 4s
20201008-11:27:17 Test Epoch: 68 ...
20201008-11:27:19     ave: 99.7143
20201008-11:27:19 Saving checkpoint: 68
20201008-11:27:19 Train Epoch: 69/70 ...
20201008-11:27:23     total_loss: 0.0275 time: 0m 4s
20201008-11:27:23 Test Epoch: 69 ...
20201008-11:27:26     ave: 99.7143
20201008-11:27:26 Saving checkpoint: 69
20201008-11:27:26 Train Epoch: 70/70 ...
20201008-11:27:30     total_loss: 0.0319 time: 0m 4s
20201008-11:27:30 Test Epoch: 70 ...
20201008-11:27:33     ave: 99.4286
20201008-11:27:33 Saving checkpoint: 70
